<?xml version="1.0" encoding="UTF-8"?>
<!-- Generated by org.testng.reporters.JUnitReportReporter -->
<testsuite hostname="LAPTOP-3QAHE0FI" failures="0" tests="1" name="test_Ng.Exp_WD_Testng" time="15.483" errors="0" timestamp="16 Jul 2022 06:44:54 GMT">
  <testcase classname="test_Ng.Exp_WD_Testng" name="tc001" time="15.483"/>
</testsuite> <!-- test_Ng.Exp_WD_Testng -->
