<?xml version="1.0" encoding="UTF-8"?>
<!-- Generated by org.testng.reporters.JUnitReportReporter -->
<testsuite hostname="LAPTOP-3QAHE0FI" failures="0" tests="1" name="wedDrivr_TestNg.Exp_WD_Testng" time="13.882" errors="0" timestamp="18 Jul 2022 09:35:53 GMT">
  <testcase classname="wedDrivr_TestNg.Exp_WD_Testng" name="tc001" time="13.882"/>
</testsuite> <!-- wedDrivr_TestNg.Exp_WD_Testng -->
