<?xml version="1.0" encoding="UTF-8"?>
<!-- Generated by org.testng.reporters.JUnitReportReporter -->
<testsuite hostname="LAPTOP-3QAHE0FI" failures="0" tests="2" name="wedDrivr_TestNg.Test_Ng__" time="0.007" errors="0" timestamp="18 Jul 2022 09:24:37 GMT">
  <testcase classname="wedDrivr_TestNg.Test_Ng__" name="delemp" time="0.006"/>
  <testcase classname="wedDrivr_TestNg.Test_Ng__" name="addemp" time="0.001"/>
</testsuite> <!-- wedDrivr_TestNg.Test_Ng__ -->
