<?xml version="1.0" encoding="UTF-8"?>
<!-- Generated by org.testng.reporters.JUnitReportReporter -->
<testsuite hostname="LAPTOP-3QAHE0FI" failures="0" tests="4" name="wedDrivr_TestNg.Exp_Testng" time="0.012" errors="0" timestamp="18 Jul 2022 09:10:00 GMT">
  <testcase classname="wedDrivr_TestNg.Exp_Testng" name="delemp" time="0.001"/>
  <testcase classname="wedDrivr_TestNg.Exp_Testng" name="logout" time="0.001"/>
  <testcase classname="wedDrivr_TestNg.Exp_Testng" name="addemp" time="0.009"/>
  <testcase classname="wedDrivr_TestNg.Exp_Testng" name="login" time="0.001"/>
</testsuite> <!-- wedDrivr_TestNg.Exp_Testng -->
