<?xml version="1.0" encoding="UTF-8"?>
<!-- Generated by org.testng.reporters.JUnitReportReporter -->
<testsuite hostname="LAPTOP-3QAHE0FI" failures="0" tests="2" name="wedDrivr_TestNg.Exp_TestNg_" time="0.005" errors="0" timestamp="18 Jul 2022 09:13:18 GMT">
  <testcase classname="wedDrivr_TestNg.Exp_TestNg_" name="delemp" time="0.002"/>
  <testcase classname="wedDrivr_TestNg.Exp_TestNg_" name="addemp" time="0.003"/>
</testsuite> <!-- wedDrivr_TestNg.Exp_TestNg_ -->
