<?xml version="1.0" encoding="UTF-8"?>
<!-- Generated by org.testng.reporters.JUnitReportReporter -->
<testsuite hostname="LAPTOP-3QAHE0FI" failures="0" tests="2" name="wedDrivr_TestNg.Test_ng" time="0.009" errors="0" timestamp="18 Jul 2022 09:20:57 GMT">
  <testcase classname="wedDrivr_TestNg.Test_ng" name="addemp" time="0.005"/>
  <testcase classname="wedDrivr_TestNg.Test_ng" name="delemp" time="0.004"/>
</testsuite> <!-- wedDrivr_TestNg.Test_ng -->
