<?xml version="1.0" encoding="UTF-8"?>
<!-- Generated by org.testng.reporters.JUnitReportReporter -->
<testsuite hostname="LAPTOP-3QAHE0FI" failures="0" tests="1" name="excel_Wd_TestNg.Excel_Wd_TestNg" time="12.878" errors="0" timestamp="18 Jul 2022 10:52:09 GMT">
  <testcase classname="excel_Wd_TestNg.Excel_Wd_TestNg" name="tc001" time="12.878"/>
</testsuite> <!-- excel_Wd_TestNg.Excel_Wd_TestNg -->
